INFO:: Starting Data Quality Assesment process
INFO:: Configuration file loaded.
INFO:: Trying to connect to the database ...
INFO:: "person" entity contains 10000 records

Summarize dataset:   0%|          | 0/5 [00:00<?, ?it/s]
Summarize dataset:   0%|          | 0/47 [00:00<?, ?it/s, Describe variable:sex_cd]
Summarize dataset:   2%|▏         | 1/47 [00:00<00:01, 32.46it/s, Describe variable:essential_worker_bl]
Summarize dataset:   4%|▍         | 2/47 [00:00<00:00, 46.42it/s, Describe variable:socecon_lvl_cd]     
Summarize dataset:   6%|▋         | 3/47 [00:00<00:00, 69.47it/s, Describe variable:foreign_bl]    
Summarize dataset:   9%|▊         | 4/47 [00:00<00:00, 83.21it/s, Describe variable:residence_area_cd]
Summarize dataset:  11%|█         | 5/47 [00:00<00:00, 93.87it/s, Describe variable:exitus_dt]        
Summarize dataset:  13%|█▎        | 6/47 [00:00<00:00, 108.88it/s, Describe variable:fully_vaccinated_bl]
Summarize dataset:  15%|█▍        | 7/47 [00:00<00:00, 112.25it/s, Describe variable:confirmed_case_bl]  
Summarize dataset:  17%|█▋        | 8/47 [00:00<00:00, 127.53it/s, Describe variable:exitus_bl]        
Summarize dataset:  19%|█▉        | 9/47 [00:00<00:00, 140.74it/s, Describe variable:age_nm]   
Summarize dataset:  21%|██▏       | 10/47 [00:00<00:00, 152.15it/s, Describe variable:institutionalized_bl]
Summarize dataset:  23%|██▎       | 11/47 [00:00<00:00, 167.21it/s, Describe variable:country_cd]          
Summarize dataset:  26%|██▌       | 12/47 [00:00<00:00, 182.28it/s, Describe variable:previous_infection_bl]
Summarize dataset:  28%|██▊       | 13/47 [00:00<00:00, 197.33it/s, Describe variable:obesity_bl]           
Summarize dataset:  30%|██▉       | 14/47 [00:00<00:00, 212.36it/s, Describe variable:diabetes_bl]
Summarize dataset:  32%|███▏      | 15/47 [00:00<00:00, 217.08it/s, Describe variable:variant_cd] 
Summarize dataset:  34%|███▍      | 16/47 [00:00<00:00, 227.80it/s, Describe variable:heart_failure_bl]
Summarize dataset:  36%|███▌      | 17/47 [00:00<00:00, 224.85it/s, Describe variable:chronic_kidney_disease_bl]
Summarize dataset:  38%|███▊      | 18/47 [00:00<00:00, 208.60it/s, Describe variable:copd_bl]                  
Summarize dataset:  40%|████      | 19/47 [00:00<00:00, 219.95it/s, Describe variable:sickle_cell_disease_bl]
Summarize dataset:  43%|████▎     | 20/47 [00:00<00:00, 231.33it/s, Describe variable:hypertension_bl]       
Summarize dataset:  45%|████▍     | 21/47 [00:00<00:00, 231.20it/s, Describe variable:solid_tumor_without_metastasis_bl]
Summarize dataset:  47%|████▋     | 22/47 [00:00<00:00, 218.40it/s, Describe variable:transplanted_bl]                  
Summarize dataset:  49%|████▉     | 23/47 [00:00<00:00, 224.48it/s, Describe variable:transplanted_bl]
Summarize dataset:  49%|████▉     | 23/47 [00:00<00:00, 224.48it/s, Describe variable:blood_cancer_bl]
Summarize dataset:  51%|█████     | 24/47 [00:00<00:00, 224.48it/s, Describe variable:hiv_infection_bl]
Summarize dataset:  53%|█████▎    | 25/47 [00:00<00:00, 224.48it/s, Describe variable:chronic_liver_disease_bl]
Summarize dataset:  55%|█████▌    | 26/47 [00:00<00:00, 224.48it/s, Describe variable:primary_immunodeficiency_bl]
Summarize dataset:  57%|█████▋    | 27/47 [00:00<00:00, 224.48it/s, Describe variable:dose_2_brand_cd]            
Summarize dataset:  60%|█████▉    | 28/47 [00:00<00:00, 224.48it/s, Describe variable:immunosuppression_bl]
Summarize dataset:  62%|██████▏   | 29/47 [00:00<00:00, 224.48it/s, Describe variable:pregnancy_bl]        
Summarize dataset:  64%|██████▍   | 30/47 [00:00<00:00, 224.48it/s, Describe variable:previous_infection_dt]
Summarize dataset:  66%|██████▌   | 31/47 [00:00<00:00, 224.48it/s, Describe variable:dose_1_brand_cd]      
Summarize dataset:  68%|██████▊   | 32/47 [00:00<00:00, 224.48it/s, Describe variable:test_type_cd]   
Summarize dataset:  70%|███████   | 33/47 [00:00<00:00, 224.48it/s, Describe variable:dose_3_brand_cd]
Summarize dataset:  72%|███████▏  | 34/47 [00:00<00:00, 224.48it/s, Describe variable:vaccination_schedule_cd]
Summarize dataset:  74%|███████▍  | 35/47 [00:00<00:00, 224.48it/s, Describe variable:person_id]              
Summarize dataset:  77%|███████▋  | 36/47 [00:00<00:00, 224.48it/s, Describe variable:dose_3_dt]
Summarize dataset:  79%|███████▊  | 37/47 [00:00<00:00, 224.48it/s, Describe variable:dose_1_dt]
Summarize dataset:  81%|████████  | 38/47 [00:00<00:00, 224.48it/s, Describe variable:confirmed_case_dt]
Summarize dataset:  83%|████████▎ | 39/47 [00:00<00:00, 224.48it/s, Describe variable:dose_2_dt]        
Summarize dataset:  85%|████████▌ | 40/47 [00:00<00:00, 224.48it/s, Describe variable:fully_vaccinated_dt]
Summarize dataset:  87%|████████▋ | 41/47 [00:00<00:00, 224.48it/s, Describe variable:doses_nm]           
Summarize dataset:  89%|████████▉ | 42/47 [00:00<00:00, 224.48it/s, Get variable types]        
Summarize dataset:  90%|████████▉ | 43/48 [00:00<00:00, 224.48it/s, Get dataframe statistics]
Summarize dataset:  92%|█████████▏| 44/48 [00:00<00:00, 224.48it/s, Get scatter matrix]      
Summarize dataset:  92%|█████████▏| 44/48 [00:00<00:00, 224.48it/s, Take sample]       
Summarize dataset:  94%|█████████▍| 45/48 [00:00<00:00, 224.48it/s, Detecting duplicates]
Summarize dataset:  96%|█████████▌| 46/48 [00:00<00:00, 224.48it/s, Get alerts]          
Summarize dataset:  98%|█████████▊| 47/48 [00:00<00:00, 224.48it/s, Get reproduction details]
Summarize dataset: 100%|██████████| 48/48 [00:00<00:00, 224.48it/s, Completed]               
Summarize dataset: 100%|██████████| 48/48 [00:00<00:00, 385.73it/s, Completed]

Generate report structure:   0%|          | 0/1 [00:00<?, ?it/s]
Generate report structure: 100%|██████████| 1/1 [00:05<00:00,  5.38s/it]
Generate report structure: 100%|██████████| 1/1 [00:05<00:00,  5.38s/it]

Render HTML:   0%|          | 0/1 [00:00<?, ?it/s]
Render HTML: 100%|██████████| 1/1 [00:00<00:00,  2.42it/s]
Render HTML: 100%|██████████| 1/1 [00:00<00:00,  2.42it/s]

Export report to file:   0%|          | 0/1 [00:00<?, ?it/s]
Export report to file: 100%|██████████| 1/1 [00:00<00:00, 1147.55it/s]

Render JSON:   0%|          | 0/1 [00:00<?, ?it/s]
Render JSON: 100%|██████████| 1/1 [00:00<00:00, 10.46it/s]

Export report to file:   0%|          | 0/1 [00:00<?, ?it/s]
Export report to file: 100%|██████████| 1/1 [00:00<00:00, 1168.33it/s]
INFO:: "area" entity contains 0 records
